{
  "stats": {
    "suites": 3,
    "tests": 15,
    "passes": 15,
    "pending": 0,
    "failures": 0,
    "start": "2025-04-09T16:44:45.328Z",
    "end": "2025-04-09T16:46:08.179Z",
    "duration": 82851,
    "testsRegistered": 15,
    "passPercent": 100,
    "pendingPercent": 0,
    "other": 0,
    "hasOther": false,
    "skipped": 0,
    "hasSkipped": false
  },
  "results": [
    {
      "uuid": "70f79d6b-0676-4bec-a955-23f88c6a8ff6",
      "title": "",
      "fullFile": "cypress\\e2e\\test3.cy.js",
      "file": "cypress\\e2e\\test3.cy.js",
      "beforeHooks": [],
      "afterHooks": [],
      "tests": [],
      "suites": [
        {
          "uuid": "b4c403f9-8ea1-4454-b145-9f9ad7af6ba8",
          "title": "Add a car",
          "fullFile": "",
          "file": "",
          "beforeHooks": [],
          "afterHooks": [],
          "tests": [
            {
              "title": "should add a car successfully (Audi/TT/50000)",
              "fullTitle": "Add a car should add a car successfully (Audi/TT/50000)",
              "timedOut": null,
              "duration": 15625,
              "state": "passed",
              "speed": "slow",
              "pass": true,
              "fail": false,
              "pending": false,
              "context": null,
              "code": "garagePage.openAddCarModal();\ngaragePage.selectCarBrand('Audi').should('have.value', '0: 1');\ngaragePage.selectCarModel('TT').should('have.value', '0: 1');\ngaragePage.enterMileage('50000').should('have.value', '50000');\ngaragePage.submitAddCarForm();\ncy.get('p.car_name.h2').should('contain.text', 'Audi TT');",
              "err": {},
              "uuid": "6d537842-60a0-4b8f-b53d-8ae3d5b1c1f5",
              "parentUUID": "b4c403f9-8ea1-4454-b145-9f9ad7af6ba8",
              "isHook": false,
              "skipped": false
            },
            {
              "title": "should add a second car successfully (BMW//5/100000)",
              "fullTitle": "Add a car should add a second car successfully (BMW//5/100000)",
              "timedOut": null,
              "duration": 4143,
              "state": "passed",
              "speed": "fast",
              "pass": true,
              "fail": false,
              "pending": false,
              "context": null,
              "code": "garagePage.openAddCarModal();\ngaragePage.selectCarBrand('BMW').should('have.value', '1: 2');\ngaragePage.selectCarModel('5').should('have.value', '6: 7');\ngaragePage.enterMileage('100000').should('have.value', '100000');\ngaragePage.submitAddCarForm();\ncy.get('p.car_name.h2').should('contain.text', 'BMW 5');",
              "err": {},
              "uuid": "24b1bd0b-38d0-48e0-b29b-dc00eef0473c",
              "parentUUID": "b4c403f9-8ea1-4454-b145-9f9ad7af6ba8",
              "isHook": false,
              "skipped": false
            },
            {
              "title": "should show error if mileage is more than 999999",
              "fullTitle": "Add a car should show error if mileage is more than 999999",
              "timedOut": null,
              "duration": 4669,
              "state": "passed",
              "speed": "fast",
              "pass": true,
              "fail": false,
              "pending": false,
              "context": null,
              "code": "garagePage.openAddCarModal();\ngaragePage.selectCarBrand('Ford').should('have.value', '2: 3');\ngaragePage.selectCarModel('Fusion').should('have.value', '7: 13');\ngaragePage.enterMileage('1111111').should('have.value', '1111111').focus().blur();\ngaragePage.checkSubmitButtonDisabled();\ngaragePage.errorMessageInvalidMileage.should('be.visible');",
              "err": {},
              "uuid": "27e6839f-3425-4c18-9197-872f6c95460d",
              "parentUUID": "b4c403f9-8ea1-4454-b145-9f9ad7af6ba8",
              "isHook": false,
              "skipped": false
            },
            {
              "title": "should show error if mileage is empty",
              "fullTitle": "Add a car should show error if mileage is empty",
              "timedOut": null,
              "duration": 6011,
              "state": "passed",
              "speed": "medium",
              "pass": true,
              "fail": false,
              "pending": false,
              "context": null,
              "code": "garagePage.openAddCarModal();\ngaragePage.selectCarBrand('Audi').should('have.value', '0: 1');\ngaragePage.selectCarModel('TT').should('have.value', '0: 1');\ngaragePage.clickMileage();\ngaragePage.checkSubmitButtonDisabled();\ngaragePage.errorMessageEmptyMileage.should('be.visible');",
              "err": {},
              "uuid": "ec562628-cb56-45c2-a0c3-60449eaf124b",
              "parentUUID": "b4c403f9-8ea1-4454-b145-9f9ad7af6ba8",
              "isHook": false,
              "skipped": false
            },
            {
              "title": "should close the modal when the close button is clicked",
              "fullTitle": "Add a car should close the modal when the close button is clicked",
              "timedOut": null,
              "duration": 3721,
              "state": "passed",
              "speed": "fast",
              "pass": true,
              "fail": false,
              "pending": false,
              "context": null,
              "code": "garagePage.openAddCarModal();\ngaragePage.closeModal();\ncy.get('.modal').should('not.exist');",
              "err": {},
              "uuid": "e3757133-8072-42ea-a074-e65cc2077f07",
              "parentUUID": "b4c403f9-8ea1-4454-b145-9f9ad7af6ba8",
              "isHook": false,
              "skipped": false
            },
            {
              "title": "should cancel the action when the cancel button is clicked",
              "fullTitle": "Add a car should cancel the action when the cancel button is clicked",
              "timedOut": null,
              "duration": 3062,
              "state": "passed",
              "speed": "fast",
              "pass": true,
              "fail": false,
              "pending": false,
              "context": null,
              "code": "garagePage.openAddCarModal();\ngaragePage.cancelAddCar();\ncy.get('.modal').should('not.exist');",
              "err": {},
              "uuid": "63270ea0-e9d3-4208-8211-b0d0186cdda3",
              "parentUUID": "b4c403f9-8ea1-4454-b145-9f9ad7af6ba8",
              "isHook": false,
              "skipped": false
            }
          ],
          "suites": [],
          "passes": [
            "6d537842-60a0-4b8f-b53d-8ae3d5b1c1f5",
            "24b1bd0b-38d0-48e0-b29b-dc00eef0473c",
            "27e6839f-3425-4c18-9197-872f6c95460d",
            "ec562628-cb56-45c2-a0c3-60449eaf124b",
            "e3757133-8072-42ea-a074-e65cc2077f07",
            "63270ea0-e9d3-4208-8211-b0d0186cdda3"
          ],
          "failures": [],
          "pending": [],
          "skipped": [],
          "duration": 37231,
          "root": false,
          "rootEmpty": false,
          "_timeout": 2000
        },
        {
          "uuid": "ed34174f-39db-4c11-b743-4bb54ddc804d",
          "title": "Add fuel expenses",
          "fullFile": "",
          "file": "",
          "beforeHooks": [],
          "afterHooks": [],
          "tests": [
            {
              "title": "should show error if liters and total cost are 0",
              "fullTitle": "Add fuel expenses should show error if liters and total cost are 0",
              "timedOut": null,
              "duration": 6238,
              "state": "passed",
              "speed": "medium",
              "pass": true,
              "fail": false,
              "pending": false,
              "context": null,
              "code": "garagePage.clickAddFuelExpenseButton('Audi TT');\nfuelExpensesPage.enterMileage('50001').should('have.value', '50001');\nfuelExpensesPage.enterLiters('0').should('have.value', '0');\nfuelExpensesPage.enterTotalCost('0').should('have.value', '0').blur();\nfuelExpensesPage.checkLitersInputValidation();\nfuelExpensesPage.errorMessageInvalidLiters.should('be.visible');\nfuelExpensesPage.checkTotalCostInputValidation();\nfuelExpensesPage.errorMessageInvalidTotalCost.should('be.visible');",
              "err": {},
              "uuid": "4e3e083b-77ba-4764-9af8-5a8aebcc0eb0",
              "parentUUID": "ed34174f-39db-4c11-b743-4bb54ddc804d",
              "isHook": false,
              "skipped": false
            },
            {
              "title": "should show error if liters and total cost are empty",
              "fullTitle": "Add fuel expenses should show error if liters and total cost are empty",
              "timedOut": null,
              "duration": 4992,
              "state": "passed",
              "speed": "fast",
              "pass": true,
              "fail": false,
              "pending": false,
              "context": null,
              "code": "garagePage.clickAddFuelExpenseButton('Audi TT');\nfuelExpensesPage.enterMileage('50001').should('have.value', '50001');\nfuelExpensesPage.litersInput.focus().blur();\nfuelExpensesPage.totalCostInput.focus().blur();\nfuelExpensesPage.checkLitersInputValidation();\nfuelExpensesPage.errorMessageEmptyLiters.should('be.visible');\nfuelExpensesPage.checkTotalCostInputValidation();\nfuelExpensesPage.errorMessageEmptyTotalCost.should('be.visible');",
              "err": {},
              "uuid": "146ce58b-d006-4db8-8bd1-92704fe7c9e2",
              "parentUUID": "ed34174f-39db-4c11-b743-4bb54ddc804d",
              "isHook": false,
              "skipped": false
            },
            {
              "title": "should successfully change report date in modal",
              "fullTitle": "Add fuel expenses should successfully change report date in modal",
              "timedOut": null,
              "duration": 3991,
              "state": "passed",
              "speed": "fast",
              "pass": true,
              "fail": false,
              "pending": false,
              "context": null,
              "code": "garagePage.clickAddFuelExpenseButton('Audi TT');\nfuelExpensesPage.enterReportDate('03.04.2025').should('have.value', '03.04.2025');",
              "err": {},
              "uuid": "87c97df2-6fcb-4028-a64b-61217324d812",
              "parentUUID": "ed34174f-39db-4c11-b743-4bb54ddc804d",
              "isHook": false,
              "skipped": false
            },
            {
              "title": "should close modal when close button is clicked",
              "fullTitle": "Add fuel expenses should close modal when close button is clicked",
              "timedOut": null,
              "duration": 3566,
              "state": "passed",
              "speed": "fast",
              "pass": true,
              "fail": false,
              "pending": false,
              "context": null,
              "code": "garagePage.clickAddFuelExpenseButton('Audi TT');\nfuelExpensesPage.closeModal();\ncy.get('.modal').should('not.exist');",
              "err": {},
              "uuid": "d71603b3-0036-42d5-9c1c-f70aaf15bfb0",
              "parentUUID": "ed34174f-39db-4c11-b743-4bb54ddc804d",
              "isHook": false,
              "skipped": false
            },
            {
              "title": "should close modal when cancel button is clicked",
              "fullTitle": "Add fuel expenses should close modal when cancel button is clicked",
              "timedOut": null,
              "duration": 3720,
              "state": "passed",
              "speed": "fast",
              "pass": true,
              "fail": false,
              "pending": false,
              "context": null,
              "code": "garagePage.clickAddFuelExpenseButton('Audi TT');\nfuelExpensesPage.cancelAddExpense();\ncy.get('.modal').should('not.exist');",
              "err": {},
              "uuid": "7c72286c-3f7f-414e-af13-59819023c7bd",
              "parentUUID": "ed34174f-39db-4c11-b743-4bb54ddc804d",
              "isHook": false,
              "skipped": false
            }
          ],
          "suites": [
            {
              "uuid": "312a8471-96cb-4d66-a2b8-6f6b998e322f",
              "title": "Adding and Deleting Expense Tests",
              "fullFile": "",
              "file": "",
              "beforeHooks": [],
              "afterHooks": [],
              "tests": [
                {
                  "title": "should successfully add a fuel expense via button next to car",
                  "fullTitle": "Add fuel expenses Adding and Deleting Expense Tests should successfully add a fuel expense via button next to car",
                  "timedOut": null,
                  "duration": 4223,
                  "state": "passed",
                  "speed": "fast",
                  "pass": true,
                  "fail": false,
                  "pending": false,
                  "context": null,
                  "code": "garagePage.clickAddFuelExpenseButton('Audi TT');\nfuelExpensesPage.enterMileage('50001').should('have.value', '50001');\nfuelExpensesPage.enterLiters('20').should('have.value', '20');\nfuelExpensesPage.enterTotalCost('100').should('have.value', '100');\nfuelExpensesPage.submitAddExpenseForm();\ncy.url().should('include', '/panel/expenses');\ncy.get('table').find('tr').should('have.length.greaterThan', 1);",
                  "err": {},
                  "uuid": "3ee34571-d544-4638-9cfa-da6d07a9d30a",
                  "parentUUID": "312a8471-96cb-4d66-a2b8-6f6b998e322f",
                  "isHook": false,
                  "skipped": false
                },
                {
                  "title": "should successfully add fuel expenses for another car from drop-down",
                  "fullTitle": "Add fuel expenses Adding and Deleting Expense Tests should successfully add fuel expenses for another car from drop-down",
                  "timedOut": null,
                  "duration": 4908,
                  "state": "passed",
                  "speed": "fast",
                  "pass": true,
                  "fail": false,
                  "pending": false,
                  "context": null,
                  "code": "garagePage.clickAddFuelExpenseButton('Audi TT');\nfuelExpensesPage.selectCarInModalDropdown('BMW 5');\nfuelExpensesPage.enterMileage('100001').should('have.value', '100001');\nfuelExpensesPage.enterLiters('50').should('have.value', '50');\nfuelExpensesPage.enterTotalCost('300').should('have.value', '300');\nfuelExpensesPage.submitAddExpenseForm();\ncy.url().should('include', '/panel/expenses');\nfuelExpensesPage.selectCarFromDropdown('BMW 5');\ncy.get('table').find('tr').should('have.length.greaterThan', 1);",
                  "err": {},
                  "uuid": "0e10fa79-d631-423f-b28c-b2ef1151e615",
                  "parentUUID": "312a8471-96cb-4d66-a2b8-6f6b998e322f",
                  "isHook": false,
                  "skipped": false
                },
                {
                  "title": "should successfully add fuel expense for a car via navigation button",
                  "fullTitle": "Add fuel expenses Adding and Deleting Expense Tests should successfully add fuel expense for a car via navigation button",
                  "timedOut": null,
                  "duration": 5925,
                  "state": "passed",
                  "speed": "medium",
                  "pass": true,
                  "fail": false,
                  "pending": false,
                  "context": null,
                  "code": "fuelExpensesPage.openFuelExpensesNav();\nfuelExpensesPage.carSelectDropdownButton.should('have.text', 'BMW 5');\nfuelExpensesPage.openAddExpenseModal();\nfuelExpensesPage.enterMileage('100001').should('have.value', '100001');\nfuelExpensesPage.enterLiters('50').should('have.value', '50');\nfuelExpensesPage.enterTotalCost('300').should('have.value', '300');\nfuelExpensesPage.submitAddExpenseForm();\ncy.url().should('include', '/panel/expenses');\ncy.get('table').find('tr').should('have.length.greaterThan', 1);",
                  "err": {},
                  "uuid": "be514330-a63a-4521-b1c5-eb915527203c",
                  "parentUUID": "312a8471-96cb-4d66-a2b8-6f6b998e322f",
                  "isHook": false,
                  "skipped": false
                },
                {
                  "title": "should successfully add fuel expense for a car via sidebar button",
                  "fullTitle": "Add fuel expenses Adding and Deleting Expense Tests should successfully add fuel expense for a car via sidebar button",
                  "timedOut": null,
                  "duration": 5744,
                  "state": "passed",
                  "speed": "medium",
                  "pass": true,
                  "fail": false,
                  "pending": false,
                  "context": null,
                  "code": "fuelExpensesPage.openFuelExpensesSidebar();\nfuelExpensesPage.selectCarFromDropdown('Audi TT');\nfuelExpensesPage.openAddExpenseModal();\nfuelExpensesPage.enterMileage('50001').should('have.value', '50001');\nfuelExpensesPage.enterLiters('20').should('have.value', '20');\nfuelExpensesPage.enterTotalCost('100').should('have.value', '100');\nfuelExpensesPage.submitAddExpenseForm();\ncy.url().should('include', '/panel/expenses');\ncy.get('table').find('tr').should('have.length.greaterThan', 1);\nfuelExpensesPage.deleteExpense();",
                  "err": {},
                  "uuid": "b52b77c2-d98f-4c33-80cc-95fda8bd0d16",
                  "parentUUID": "312a8471-96cb-4d66-a2b8-6f6b998e322f",
                  "isHook": false,
                  "skipped": false
                }
              ],
              "suites": [],
              "passes": [
                "3ee34571-d544-4638-9cfa-da6d07a9d30a",
                "0e10fa79-d631-423f-b28c-b2ef1151e615",
                "be514330-a63a-4521-b1c5-eb915527203c",
                "b52b77c2-d98f-4c33-80cc-95fda8bd0d16"
              ],
              "failures": [],
              "pending": [],
              "skipped": [],
              "duration": 20800,
              "root": false,
              "rootEmpty": false,
              "_timeout": 2000
            }
          ],
          "passes": [
            "4e3e083b-77ba-4764-9af8-5a8aebcc0eb0",
            "146ce58b-d006-4db8-8bd1-92704fe7c9e2",
            "87c97df2-6fcb-4028-a64b-61217324d812",
            "d71603b3-0036-42d5-9c1c-f70aaf15bfb0",
            "7c72286c-3f7f-414e-af13-59819023c7bd"
          ],
          "failures": [],
          "pending": [],
          "skipped": [],
          "duration": 22507,
          "root": false,
          "rootEmpty": false,
          "_timeout": 2000
        }
      ],
      "passes": [],
      "failures": [],
      "pending": [],
      "skipped": [],
      "duration": 0,
      "root": true,
      "rootEmpty": true,
      "_timeout": 2000
    }
  ],
  "meta": {
    "mocha": {
      "version": "7.0.1"
    },
    "mochawesome": {
      "options": {
        "quiet": false,
        "reportFilename": "[status]_[datetime]-[name]-report",
        "saveHtml": true,
        "saveJson": true,
        "consoleReporter": "spec",
        "useInlineDiffs": false,
        "code": true
      },
      "version": "7.1.3"
    },
    "marge": {
      "options": {
        "reportFilename": "[status]_[datetime]-[name]-report",
        "overwrite": false,
        "html": true,
        "json": true,
        "reportDir": "mochawesome-report"
      },
      "version": "6.2.0"
    }
  }
}