{
  "stats": {
    "suites": 3,
    "tests": 15,
    "passes": 15,
    "pending": 0,
    "failures": 0,
    "start": "2025-04-09T16:46:25.131Z",
    "end": "2025-04-09T16:47:35.940Z",
    "duration": 70809,
    "testsRegistered": 15,
    "passPercent": 100,
    "pendingPercent": 0,
    "other": 0,
    "hasOther": false,
    "skipped": 0,
    "hasSkipped": false
  },
  "results": [
    {
      "uuid": "9bb3d046-f68a-47d6-ae4d-fcd7bd403055",
      "title": "",
      "fullFile": "cypress\\e2e\\test3.cy.js",
      "file": "cypress\\e2e\\test3.cy.js",
      "beforeHooks": [],
      "afterHooks": [],
      "tests": [],
      "suites": [
        {
          "uuid": "bf5d45a1-186f-43e6-b4da-97e63bcf65b3",
          "title": "Add a car",
          "fullFile": "",
          "file": "",
          "beforeHooks": [],
          "afterHooks": [],
          "tests": [
            {
              "title": "should add a car successfully (Audi/TT/50000)",
              "fullTitle": "Add a car should add a car successfully (Audi/TT/50000)",
              "timedOut": null,
              "duration": 10751,
              "state": "passed",
              "speed": "slow",
              "pass": true,
              "fail": false,
              "pending": false,
              "context": null,
              "code": "garagePage.openAddCarModal();\ngaragePage.selectCarBrand('Audi').should('have.value', '0: 1');\ngaragePage.selectCarModel('TT').should('have.value', '0: 1');\ngaragePage.enterMileage('50000').should('have.value', '50000');\ngaragePage.submitAddCarForm();\ncy.get('p.car_name.h2').should('contain.text', 'Audi TT');",
              "err": {},
              "uuid": "279f1544-297f-4add-94e5-5fe3db5a6395",
              "parentUUID": "bf5d45a1-186f-43e6-b4da-97e63bcf65b3",
              "isHook": false,
              "skipped": false
            },
            {
              "title": "should add a second car successfully (BMW//5/100000)",
              "fullTitle": "Add a car should add a second car successfully (BMW//5/100000)",
              "timedOut": null,
              "duration": 4140,
              "state": "passed",
              "speed": "fast",
              "pass": true,
              "fail": false,
              "pending": false,
              "context": null,
              "code": "garagePage.openAddCarModal();\ngaragePage.selectCarBrand('BMW').should('have.value', '1: 2');\ngaragePage.selectCarModel('5').should('have.value', '6: 7');\ngaragePage.enterMileage('100000').should('have.value', '100000');\ngaragePage.submitAddCarForm();\ncy.get('p.car_name.h2').should('contain.text', 'BMW 5');",
              "err": {},
              "uuid": "8d86fb38-cc27-4320-ba8b-a430aa2a27ab",
              "parentUUID": "bf5d45a1-186f-43e6-b4da-97e63bcf65b3",
              "isHook": false,
              "skipped": false
            },
            {
              "title": "should show error if mileage is more than 999999",
              "fullTitle": "Add a car should show error if mileage is more than 999999",
              "timedOut": null,
              "duration": 3995,
              "state": "passed",
              "speed": "fast",
              "pass": true,
              "fail": false,
              "pending": false,
              "context": null,
              "code": "garagePage.openAddCarModal();\ngaragePage.selectCarBrand('Ford').should('have.value', '2: 3');\ngaragePage.selectCarModel('Fusion').should('have.value', '7: 13');\ngaragePage.enterMileage('1111111').should('have.value', '1111111').focus().blur();\ngaragePage.checkSubmitButtonDisabled();\ngaragePage.errorMessageInvalidMileage.should('be.visible');",
              "err": {},
              "uuid": "b7ca8788-b0ef-462e-8ae9-7e65280b5091",
              "parentUUID": "bf5d45a1-186f-43e6-b4da-97e63bcf65b3",
              "isHook": false,
              "skipped": false
            },
            {
              "title": "should show error if mileage is empty",
              "fullTitle": "Add a car should show error if mileage is empty",
              "timedOut": null,
              "duration": 3359,
              "state": "passed",
              "speed": "fast",
              "pass": true,
              "fail": false,
              "pending": false,
              "context": null,
              "code": "garagePage.openAddCarModal();\ngaragePage.selectCarBrand('Audi').should('have.value', '0: 1');\ngaragePage.selectCarModel('TT').should('have.value', '0: 1');\ngaragePage.clickMileage();\ngaragePage.checkSubmitButtonDisabled();\ngaragePage.errorMessageEmptyMileage.should('be.visible');",
              "err": {},
              "uuid": "0d166bf3-dc16-4acf-942e-7703fe3b6d9c",
              "parentUUID": "bf5d45a1-186f-43e6-b4da-97e63bcf65b3",
              "isHook": false,
              "skipped": false
            },
            {
              "title": "should close the modal when the close button is clicked",
              "fullTitle": "Add a car should close the modal when the close button is clicked",
              "timedOut": null,
              "duration": 3054,
              "state": "passed",
              "speed": "fast",
              "pass": true,
              "fail": false,
              "pending": false,
              "context": null,
              "code": "garagePage.openAddCarModal();\ngaragePage.closeModal();\ncy.get('.modal').should('not.exist');",
              "err": {},
              "uuid": "ce024837-5d89-4d11-b8a8-42eae5dd71b7",
              "parentUUID": "bf5d45a1-186f-43e6-b4da-97e63bcf65b3",
              "isHook": false,
              "skipped": false
            },
            {
              "title": "should cancel the action when the cancel button is clicked",
              "fullTitle": "Add a car should cancel the action when the cancel button is clicked",
              "timedOut": null,
              "duration": 3462,
              "state": "passed",
              "speed": "fast",
              "pass": true,
              "fail": false,
              "pending": false,
              "context": null,
              "code": "garagePage.openAddCarModal();\ngaragePage.cancelAddCar();\ncy.get('.modal').should('not.exist');",
              "err": {},
              "uuid": "f32e1753-b115-43eb-abad-3492addf3398",
              "parentUUID": "bf5d45a1-186f-43e6-b4da-97e63bcf65b3",
              "isHook": false,
              "skipped": false
            }
          ],
          "suites": [],
          "passes": [
            "279f1544-297f-4add-94e5-5fe3db5a6395",
            "8d86fb38-cc27-4320-ba8b-a430aa2a27ab",
            "b7ca8788-b0ef-462e-8ae9-7e65280b5091",
            "0d166bf3-dc16-4acf-942e-7703fe3b6d9c",
            "ce024837-5d89-4d11-b8a8-42eae5dd71b7",
            "f32e1753-b115-43eb-abad-3492addf3398"
          ],
          "failures": [],
          "pending": [],
          "skipped": [],
          "duration": 28761,
          "root": false,
          "rootEmpty": false,
          "_timeout": 2000
        },
        {
          "uuid": "49796644-5d22-41cb-b638-ee5e9fdae64f",
          "title": "Add fuel expenses",
          "fullFile": "",
          "file": "",
          "beforeHooks": [],
          "afterHooks": [],
          "tests": [
            {
              "title": "should show error if liters and total cost are 0",
              "fullTitle": "Add fuel expenses should show error if liters and total cost are 0",
              "timedOut": null,
              "duration": 4816,
              "state": "passed",
              "speed": "fast",
              "pass": true,
              "fail": false,
              "pending": false,
              "context": null,
              "code": "garagePage.clickAddFuelExpenseButton('Audi TT');\nfuelExpensesPage.enterMileage('50001').should('have.value', '50001');\nfuelExpensesPage.enterLiters('0').should('have.value', '0');\nfuelExpensesPage.enterTotalCost('0').should('have.value', '0').blur();\nfuelExpensesPage.checkLitersInputValidation();\nfuelExpensesPage.errorMessageInvalidLiters.should('be.visible');\nfuelExpensesPage.checkTotalCostInputValidation();\nfuelExpensesPage.errorMessageInvalidTotalCost.should('be.visible');",
              "err": {},
              "uuid": "170a274c-9612-47d6-8415-fd1a351d6a1f",
              "parentUUID": "49796644-5d22-41cb-b638-ee5e9fdae64f",
              "isHook": false,
              "skipped": false
            },
            {
              "title": "should show error if liters and total cost are empty",
              "fullTitle": "Add fuel expenses should show error if liters and total cost are empty",
              "timedOut": null,
              "duration": 5847,
              "state": "passed",
              "speed": "medium",
              "pass": true,
              "fail": false,
              "pending": false,
              "context": null,
              "code": "garagePage.clickAddFuelExpenseButton('Audi TT');\nfuelExpensesPage.enterMileage('50001').should('have.value', '50001');\nfuelExpensesPage.litersInput.focus().blur();\nfuelExpensesPage.totalCostInput.focus().blur();\nfuelExpensesPage.checkLitersInputValidation();\nfuelExpensesPage.errorMessageEmptyLiters.should('be.visible');\nfuelExpensesPage.checkTotalCostInputValidation();\nfuelExpensesPage.errorMessageEmptyTotalCost.should('be.visible');",
              "err": {},
              "uuid": "46e3ce04-edf9-488c-9819-d58b670469a2",
              "parentUUID": "49796644-5d22-41cb-b638-ee5e9fdae64f",
              "isHook": false,
              "skipped": false
            },
            {
              "title": "should successfully change report date in modal",
              "fullTitle": "Add fuel expenses should successfully change report date in modal",
              "timedOut": null,
              "duration": 3063,
              "state": "passed",
              "speed": "fast",
              "pass": true,
              "fail": false,
              "pending": false,
              "context": null,
              "code": "garagePage.clickAddFuelExpenseButton('Audi TT');\nfuelExpensesPage.enterReportDate('03.04.2025').should('have.value', '03.04.2025');",
              "err": {},
              "uuid": "1b87ef08-07a2-49b6-8082-f658ea46c6e5",
              "parentUUID": "49796644-5d22-41cb-b638-ee5e9fdae64f",
              "isHook": false,
              "skipped": false
            },
            {
              "title": "should close modal when close button is clicked",
              "fullTitle": "Add fuel expenses should close modal when close button is clicked",
              "timedOut": null,
              "duration": 3425,
              "state": "passed",
              "speed": "fast",
              "pass": true,
              "fail": false,
              "pending": false,
              "context": null,
              "code": "garagePage.clickAddFuelExpenseButton('Audi TT');\nfuelExpensesPage.closeModal();\ncy.get('.modal').should('not.exist');",
              "err": {},
              "uuid": "795945d6-d690-47b5-aa54-19badf64a293",
              "parentUUID": "49796644-5d22-41cb-b638-ee5e9fdae64f",
              "isHook": false,
              "skipped": false
            },
            {
              "title": "should close modal when cancel button is clicked",
              "fullTitle": "Add fuel expenses should close modal when cancel button is clicked",
              "timedOut": null,
              "duration": 3692,
              "state": "passed",
              "speed": "fast",
              "pass": true,
              "fail": false,
              "pending": false,
              "context": null,
              "code": "garagePage.clickAddFuelExpenseButton('Audi TT');\nfuelExpensesPage.cancelAddExpense();\ncy.get('.modal').should('not.exist');",
              "err": {},
              "uuid": "ca2f841c-9804-4ff7-82d3-e65d1f202b3c",
              "parentUUID": "49796644-5d22-41cb-b638-ee5e9fdae64f",
              "isHook": false,
              "skipped": false
            }
          ],
          "suites": [
            {
              "uuid": "56efa833-072f-4ce4-8848-c3aeff617a8b",
              "title": "Adding and Deleting Expense Tests",
              "fullFile": "",
              "file": "",
              "beforeHooks": [],
              "afterHooks": [],
              "tests": [
                {
                  "title": "should successfully add a fuel expense via button next to car",
                  "fullTitle": "Add fuel expenses Adding and Deleting Expense Tests should successfully add a fuel expense via button next to car",
                  "timedOut": null,
                  "duration": 4382,
                  "state": "passed",
                  "speed": "fast",
                  "pass": true,
                  "fail": false,
                  "pending": false,
                  "context": null,
                  "code": "garagePage.clickAddFuelExpenseButton('Audi TT');\nfuelExpensesPage.enterMileage('50001').should('have.value', '50001');\nfuelExpensesPage.enterLiters('20').should('have.value', '20');\nfuelExpensesPage.enterTotalCost('100').should('have.value', '100');\nfuelExpensesPage.submitAddExpenseForm();\ncy.url().should('include', '/panel/expenses');\ncy.get('table').find('tr').should('have.length.greaterThan', 1);",
                  "err": {},
                  "uuid": "c10d8cd4-b38e-46b2-8417-852c47b49ea0",
                  "parentUUID": "56efa833-072f-4ce4-8848-c3aeff617a8b",
                  "isHook": false,
                  "skipped": false
                },
                {
                  "title": "should successfully add fuel expenses for another car from drop-down",
                  "fullTitle": "Add fuel expenses Adding and Deleting Expense Tests should successfully add fuel expenses for another car from drop-down",
                  "timedOut": null,
                  "duration": 5076,
                  "state": "passed",
                  "speed": "medium",
                  "pass": true,
                  "fail": false,
                  "pending": false,
                  "context": null,
                  "code": "garagePage.clickAddFuelExpenseButton('Audi TT');\nfuelExpensesPage.selectCarInModalDropdown('BMW 5');\nfuelExpensesPage.enterMileage('100001').should('have.value', '100001');\nfuelExpensesPage.enterLiters('50').should('have.value', '50');\nfuelExpensesPage.enterTotalCost('300').should('have.value', '300');\nfuelExpensesPage.submitAddExpenseForm();\ncy.url().should('include', '/panel/expenses');\nfuelExpensesPage.selectCarFromDropdown('BMW 5');\ncy.get('table').find('tr').should('have.length.greaterThan', 1);",
                  "err": {},
                  "uuid": "1aaaa46c-6585-4d1e-97fa-b4c192e1701e",
                  "parentUUID": "56efa833-072f-4ce4-8848-c3aeff617a8b",
                  "isHook": false,
                  "skipped": false
                },
                {
                  "title": "should successfully add fuel expense for a car via navigation button",
                  "fullTitle": "Add fuel expenses Adding and Deleting Expense Tests should successfully add fuel expense for a car via navigation button",
                  "timedOut": null,
                  "duration": 4774,
                  "state": "passed",
                  "speed": "fast",
                  "pass": true,
                  "fail": false,
                  "pending": false,
                  "context": null,
                  "code": "fuelExpensesPage.openFuelExpensesNav();\nfuelExpensesPage.carSelectDropdownButton.should('have.text', 'BMW 5');\nfuelExpensesPage.openAddExpenseModal();\nfuelExpensesPage.enterMileage('100001').should('have.value', '100001');\nfuelExpensesPage.enterLiters('50').should('have.value', '50');\nfuelExpensesPage.enterTotalCost('300').should('have.value', '300');\nfuelExpensesPage.submitAddExpenseForm();\ncy.url().should('include', '/panel/expenses');\ncy.get('table').find('tr').should('have.length.greaterThan', 1);",
                  "err": {},
                  "uuid": "f9a94e70-1f55-4452-a576-b19c95629000",
                  "parentUUID": "56efa833-072f-4ce4-8848-c3aeff617a8b",
                  "isHook": false,
                  "skipped": false
                },
                {
                  "title": "should successfully add fuel expense for a car via sidebar button",
                  "fullTitle": "Add fuel expenses Adding and Deleting Expense Tests should successfully add fuel expense for a car via sidebar button",
                  "timedOut": null,
                  "duration": 4676,
                  "state": "passed",
                  "speed": "fast",
                  "pass": true,
                  "fail": false,
                  "pending": false,
                  "context": null,
                  "code": "fuelExpensesPage.openFuelExpensesSidebar();\nfuelExpensesPage.selectCarFromDropdown('Audi TT');\nfuelExpensesPage.openAddExpenseModal();\nfuelExpensesPage.enterMileage('50001').should('have.value', '50001');\nfuelExpensesPage.enterLiters('20').should('have.value', '20');\nfuelExpensesPage.enterTotalCost('100').should('have.value', '100');\nfuelExpensesPage.submitAddExpenseForm();\ncy.url().should('include', '/panel/expenses');\ncy.get('table').find('tr').should('have.length.greaterThan', 1);\nfuelExpensesPage.deleteExpense();",
                  "err": {},
                  "uuid": "2c679db1-47e9-42d0-b3ca-7ae26b1ffd31",
                  "parentUUID": "56efa833-072f-4ce4-8848-c3aeff617a8b",
                  "isHook": false,
                  "skipped": false
                }
              ],
              "suites": [],
              "passes": [
                "c10d8cd4-b38e-46b2-8417-852c47b49ea0",
                "1aaaa46c-6585-4d1e-97fa-b4c192e1701e",
                "f9a94e70-1f55-4452-a576-b19c95629000",
                "2c679db1-47e9-42d0-b3ca-7ae26b1ffd31"
              ],
              "failures": [],
              "pending": [],
              "skipped": [],
              "duration": 18908,
              "root": false,
              "rootEmpty": false,
              "_timeout": 2000
            }
          ],
          "passes": [
            "170a274c-9612-47d6-8415-fd1a351d6a1f",
            "46e3ce04-edf9-488c-9819-d58b670469a2",
            "1b87ef08-07a2-49b6-8082-f658ea46c6e5",
            "795945d6-d690-47b5-aa54-19badf64a293",
            "ca2f841c-9804-4ff7-82d3-e65d1f202b3c"
          ],
          "failures": [],
          "pending": [],
          "skipped": [],
          "duration": 20843,
          "root": false,
          "rootEmpty": false,
          "_timeout": 2000
        }
      ],
      "passes": [],
      "failures": [],
      "pending": [],
      "skipped": [],
      "duration": 0,
      "root": true,
      "rootEmpty": true,
      "_timeout": 2000
    }
  ],
  "meta": {
    "mocha": {
      "version": "7.0.1"
    },
    "mochawesome": {
      "options": {
        "quiet": false,
        "reportFilename": "[status]_[datetime]-[name]-report",
        "saveHtml": true,
        "saveJson": true,
        "consoleReporter": "spec",
        "useInlineDiffs": false,
        "code": true
      },
      "version": "7.1.3"
    },
    "marge": {
      "options": {
        "reportFilename": "[status]_[datetime]-[name]-report",
        "overwrite": false,
        "html": true,
        "json": true,
        "reportDir": "mochawesome-report"
      },
      "version": "6.2.0"
    }
  }
}